[01m[K/home/sky/obstacle-avoidance/src/obstacle-avoidance/src/main.cpp:7:1:[m[K [01;31m[Kerror: [m[Kâ€˜[01m[KString[m[Kâ€™ does not name a type
    7 | [01;31m[KString[m[K topic_name = "/spur/laser/scan";
      | [01;31m[K^~~~~~[m[K
[01m[K/home/sky/obstacle-avoidance/src/obstacle-avoidance/src/main.cpp:9:34:[m[K [01;31m[Kerror: [m[Kfound â€˜[01m[K:[m[Kâ€™ in nested-name-specifier, expected â€˜[01m[K::[m[Kâ€™
    9 | void lidarCallback(const std_msgs[01;31m[K:[m[KLaserScan::ConstPtr& msg){
      |                                  [01;31m[K^[m[K
      |                                  [32m[K::[m[K
[01m[K/home/sky/obstacle-avoidance/src/obstacle-avoidance/src/main.cpp:9:35:[m[K [01;31m[Kerror: [m[Kâ€˜[01m[KLaserScan[m[Kâ€™ in namespace â€˜[01m[Kstd_msgs[m[Kâ€™ does not name a type
    9 | void lidarCallback(const std_msgs:[01;31m[KLaserScan[m[K::ConstPtr& msg){
      |                                   [01;31m[K^~~~~~~~~[m[K
[01m[K/home/sky/obstacle-avoidance/src/obstacle-avoidance/src/main.cpp:9:54:[m[K [01;31m[Kerror: [m[Kexpected unqualified-id before â€˜[01m[K&[m[Kâ€™ token
    9 | void lidarCallback(const std_msgs:LaserScan::ConstPtr[01;31m[K&[m[K msg){
      |                                                      [01;31m[K^[m[K
[01m[K/home/sky/obstacle-avoidance/src/obstacle-avoidance/src/main.cpp:9:54:[m[K [01;31m[Kerror: [m[Kexpected â€˜[01m[K)[m[Kâ€™ before â€˜[01m[K&[m[Kâ€™ token
    9 | void lidarCallback[34m[K([m[Kconst std_msgs:LaserScan::ConstPtr[01;31m[K&[m[K msg){
      |                   [34m[K~[m[K                                  [01;31m[K^[m[K
      |                                                      [32m[K)[m[K
[01m[K/home/sky/obstacle-avoidance/src/obstacle-avoidance/src/main.cpp:9:56:[m[K [01;31m[Kerror: [m[Kexpected initializer before â€˜[01m[Kmsg[m[Kâ€™
    9 | void lidarCallback(const std_msgs:LaserScan::ConstPtr& [01;31m[Kmsg[m[K){
      |                                                        [01;31m[K^~~[m[K
[01m[K/home/sky/obstacle-avoidance/src/obstacle-avoidance/src/main.cpp:[m[K In function â€˜[01m[Kint main(int, char**)[m[Kâ€™:
[01m[K/home/sky/obstacle-avoidance/src/obstacle-avoidance/src/main.cpp:20:51:[m[K [01;31m[Kerror: [m[Kâ€˜[01m[Ktopic_name[m[Kâ€™ was not declared in this scope; did you mean â€˜[01m[Ktypename[m[Kâ€™?
   20 |     Subscriber sub_lidar_distances = nh.subscribe([01;31m[Ktopic_name[m[K, 50, lidarCallback);
      |                                                   [01;31m[K^~~~~~~~~~[m[K
      |                                                   [32m[Ktypename[m[K
[01m[K/home/sky/obstacle-avoidance/src/obstacle-avoidance/src/main.cpp:20:67:[m[K [01;31m[Kerror: [m[Kâ€˜[01m[KlidarCallback[m[Kâ€™ was not declared in this scope
   20 |     Subscriber sub_lidar_distances = nh.subscribe(topic_name, 50, [01;31m[KlidarCallback[m[K);
      |                                                                   [01;31m[K^~~~~~~~~~~~~[m[K
make[2]: *** [CMakeFiles/obstacle-avoidance_node.dir/build.make:63: CMakeFiles/obstacle-avoidance_node.dir/src/main.cpp.o] Error 1
make[1]: *** [CMakeFiles/Makefile2:279: CMakeFiles/obstacle-avoidance_node.dir/all] Error 2
make: *** [Makefile:141: all] Error 2
