[01m[K/home/sky/obstacle-avoidance/src/obstacle-avoidance/src/rrt.cpp:12:5:[m[K [01;31m[Kerror: [m[Kâ€˜[01m[Kvector[m[Kâ€™ does not name a type
   12 |     [01;31m[Kvector[m[K<node*> children;
      |     [01;31m[K^~~~~~[m[K
[01m[K/home/sky/obstacle-avoidance/src/obstacle-avoidance/src/rrt.cpp:17:5:[m[K [01;31m[Kerror: [m[Kâ€˜[01m[Kvector[m[Kâ€™ does not name a type
   17 |     [01;31m[Kvector[m[K<node*> nodes;
      |     [01;31m[K^~~~~~[m[K
[01m[K/home/sky/obstacle-avoidance/src/obstacle-avoidance/src/rrt.cpp:22:1:[m[K [01;31m[Kerror: [m[Kâ€˜[01m[Kvector[m[Kâ€™ does not name a type
   22 | [01;31m[Kvector[m[K<Point> obstacles;
      | [01;31m[K^~~~~~[m[K
[01m[K/home/sky/obstacle-avoidance/src/obstacle-avoidance/src/rrt.cpp:[m[K In function â€˜[01m[Kint main(int, char**)[m[Kâ€™:
[01m[K/home/sky/obstacle-avoidance/src/obstacle-avoidance/src/rrt.cpp:33:5:[m[K [01;31m[Kerror: [m[Kâ€˜[01m[Kinit[m[Kâ€™ was not declared in this scope; did you mean â€˜[01m[Kint[m[Kâ€™?
   33 |     [01;31m[Kinit[m[K(argc, argv, "rrt");
      |     [01;31m[K^~~~[m[K
      |     [32m[Kint[m[K
[01m[K/home/sky/obstacle-avoidance/src/obstacle-avoidance/src/rrt.cpp:34:5:[m[K [01;31m[Kerror: [m[Kâ€˜[01m[KNodeHandle[m[Kâ€™ was not declared in this scope
   34 |     [01;31m[KNodeHandle[m[K nh;
      |     [01;31m[K^~~~~~~~~~[m[K
[01m[K/home/sky/obstacle-avoidance/src/obstacle-avoidance/src/rrt.cpp:35:5:[m[K [01;31m[Kerror: [m[Kâ€˜[01m[KSubscriber[m[Kâ€™ was not declared in this scope
   35 |     [01;31m[KSubscriber[m[K sub_local_pose = nh.subscribe("/local_position/pose ", 10, localPoseCallback);
      |     [01;31m[K^~~~~~~~~~[m[K
[01m[K/home/sky/obstacle-avoidance/src/obstacle-avoidance/src/rrt.cpp:36:15:[m[K [01;31m[Kerror: [m[Kexpected â€˜[01m[K;[m[Kâ€™ before â€˜[01m[Ksub_obstacles[m[Kâ€™
   36 |     Subscriber[01;31m[K [m[K[32m[Ksub_obstacles[m[K = nh.subscribe("/obstacle_avoidance/obstacles", 10, obstacleCallback);
      |               [01;31m[K^[m[K[32m[K~~~~~~~~~~~~~[m[K
      |               [32m[K;[m[K
[01m[K/home/sky/obstacle-avoidance/src/obstacle-avoidance/src/rrt.cpp:37:15:[m[K [01;31m[Kerror: [m[Kexpected â€˜[01m[K;[m[Kâ€™ before â€˜[01m[Ksub_goal[m[Kâ€™
   37 |     Subscriber[01;31m[K [m[K[32m[Ksub_goal[m[K = nh.subscribe("/obstacle_avoidance/goal", 10, goalCallback);
      |               [01;31m[K^[m[K[32m[K~~~~~~~~[m[K
      |               [32m[K;[m[K
[01m[K/home/sky/obstacle-avoidance/src/obstacle-avoidance/src/rrt.cpp:40:5:[m[K [01;31m[Kerror: [m[Kâ€˜[01m[Kspin[m[Kâ€™ was not declared in this scope; did you mean â€˜[01m[Ksin[m[Kâ€™?
   40 |     [01;31m[Kspin[m[K();
      |     [01;31m[K^~~~[m[K
      |     [32m[Ksin[m[K
[01m[K/home/sky/obstacle-avoidance/src/obstacle-avoidance/src/rrt.cpp:[m[K In function â€˜[01m[Kvoid obstacleCallback(const ConstPtr&)[m[Kâ€™:
[01m[K/home/sky/obstacle-avoidance/src/obstacle-avoidance/src/rrt.cpp:51:5:[m[K [01;31m[Kerror: [m[Kâ€˜[01m[Kobstacles[m[Kâ€™ was not declared in this scope; did you mean â€˜[01m[Kobstack[m[Kâ€™?
   51 |     [01;31m[Kobstacles[m[K = msg->points;
      |     [01;31m[K^~~~~~~~~[m[K
      |     [32m[Kobstack[m[K
[01m[K/home/sky/obstacle-avoidance/src/obstacle-avoidance/src/rrt.cpp:[m[K In function â€˜[01m[Kvoid rrt(geometry_msgs::Point, geometry_msgs::Point)[m[Kâ€™:
[01m[K/home/sky/obstacle-avoidance/src/obstacle-avoidance/src/rrt.cpp:68:7:[m[K [01;31m[Kerror: [m[Kâ€˜[01m[Kstruct tree[m[Kâ€™ has no member named â€˜[01m[Knodes[m[Kâ€™
   68 |     t.[01;31m[Knodes[m[K.push_back(t.root);
      |       [01;31m[K^~~~~[m[K
[01m[K/home/sky/obstacle-avoidance/src/obstacle-avoidance/src/rrt.cpp:76:27:[m[K [01;31m[Kerror: [m[Kâ€˜[01m[Kstruct tree[m[Kâ€™ has no member named â€˜[01m[Knodes[m[Kâ€™
   76 |         node* nearest = t.[01;31m[Knodes[m[K[0];
      |                           [01;31m[K^~~~~[m[K
[01m[K/home/sky/obstacle-avoidance/src/obstacle-avoidance/src/rrt.cpp:77:26:[m[K [01;31m[Kerror: [m[Kâ€˜[01m[Kstruct tree[m[Kâ€™ has no member named â€˜[01m[Knodes[m[Kâ€™
   77 |         for (node* n : t.[01;31m[Knodes[m[K) {
      |                          [01;31m[K^~~~~[m[K
[01m[K/home/sky/obstacle-avoidance/src/obstacle-avoidance/src/rrt.cpp:91:31:[m[K [01;31m[Kerror: [m[Kâ€˜[01m[Kobstacles[m[Kâ€™ was not declared in this scope; did you mean â€˜[01m[Kobstacle[m[Kâ€™?
   91 |         for (Point obstacle : [01;31m[Kobstacles[m[K) {
      |                               [01;31m[K^~~~~~~~~[m[K
      |                               [32m[Kobstacle[m[K
[01m[K/home/sky/obstacle-avoidance/src/obstacle-avoidance/src/rrt.cpp:102:22:[m[K [01;31m[Kerror: [m[Kâ€˜[01m[Kstruct node[m[Kâ€™ has no member named â€˜[01m[Kchildren[m[Kâ€™
  102 |             nearest->[01;31m[Kchildren[m[K.push_back(new_node);
      |                      [01;31m[K^~~~~~~~[m[K
[01m[K/home/sky/obstacle-avoidance/src/obstacle-avoidance/src/rrt.cpp:103:15:[m[K [01;31m[Kerror: [m[Kâ€˜[01m[Kstruct tree[m[Kâ€™ has no member named â€˜[01m[Knodes[m[Kâ€™
  103 |             t.[01;31m[Knodes[m[K.push_back(new_node);
      |               [01;31m[K^~~~~[m[K
[01m[K/home/sky/obstacle-avoidance/src/obstacle-avoidance/src/rrt.cpp:110:22:[m[K [01;31m[Kerror: [m[Kâ€˜[01m[Kstruct node[m[Kâ€™ has no member named â€˜[01m[Kchildren[m[Kâ€™
  110 |             nearest->[01;31m[Kchildren[m[K.push_back(goal_node);
      |                      [01;31m[K^~~~~~~~[m[K
[01m[K/home/sky/obstacle-avoidance/src/obstacle-avoidance/src/rrt.cpp:111:15:[m[K [01;31m[Kerror: [m[Kâ€˜[01m[Kstruct tree[m[Kâ€™ has no member named â€˜[01m[Knodes[m[Kâ€™
  111 |             t.[01;31m[Knodes[m[K.push_back(goal_node);
      |               [01;31m[K^~~~~[m[K
[01m[K/home/sky/obstacle-avoidance/src/obstacle-avoidance/src/rrt.cpp:117:23:[m[K [01;31m[Kerror: [m[Kâ€˜[01m[Kstruct tree[m[Kâ€™ has no member named â€˜[01m[Knodes[m[Kâ€™
  117 |     node* current = t.[01;31m[Knodes[m[K[t.nodes.size() - 1];
      |                       [01;31m[K^~~~~[m[K
[01m[K/home/sky/obstacle-avoidance/src/obstacle-avoidance/src/rrt.cpp:117:31:[m[K [01;31m[Kerror: [m[Kâ€˜[01m[Kstruct tree[m[Kâ€™ has no member named â€˜[01m[Knodes[m[Kâ€™
  117 |     node* current = t.nodes[t.[01;31m[Knodes[m[K.size() - 1];
      |                               [01;31m[K^~~~~[m[K
[01m[K/home/sky/obstacle-avoidance/src/obstacle-avoidance/src/rrt.cpp:118:5:[m[K [01;31m[Kerror: [m[Kâ€˜[01m[KPublisher[m[Kâ€™ was not declared in this scope
  118 |     [01;31m[KPublisher[m[K pub_path = nh.advertise<geometry_msgs::PoseStamped>("/setpoint_position/local", 10);
      |     [01;31m[K^~~~~~~~~[m[K
[01m[K/home/sky/obstacle-avoidance/src/obstacle-avoidance/src/rrt.cpp:121:9:[m[K [01;31m[Kerror: [m[Kâ€˜[01m[KROS_INFO[m[Kâ€™ was not declared in this scope
  121 |         [01;31m[KROS_INFO[m[K("x: %f, y: %f", current->point.x, current->point.y);
      |         [01;31m[K^~~~~~~~[m[K
[01m[K/home/sky/obstacle-avoidance/src/obstacle-avoidance/src/rrt.cpp:127:9:[m[K [01;31m[Kerror: [m[Kâ€˜[01m[Kpub_path[m[Kâ€™ was not declared in this scope
  127 |         [01;31m[Kpub_path[m[K.publish(next);
      |         [01;31m[K^~~~~~~~[m[K
make[2]: *** [CMakeFiles/rrt.dir/build.make:63: CMakeFiles/rrt.dir/src/rrt.cpp.o] Error 1
make[1]: *** [CMakeFiles/Makefile2:299: CMakeFiles/rrt.dir/all] Error 2
make[1]: *** Waiting for unfinished jobs....
[01m[K/home/sky/obstacle-avoidance/src/obstacle-avoidance/src/main.cpp:14:1:[m[K [01;31m[Kerror: [m[Kâ€˜[01m[Kvector[m[Kâ€™ does not name a type
   14 | [01;31m[Kvector[m[K<Point> obstacles;
      | [01;31m[K^~~~~~[m[K
[01m[K/home/sky/obstacle-avoidance/src/obstacle-avoidance/src/main.cpp:[m[K In function â€˜[01m[Kvoid drawObstacles(float, float)[m[Kâ€™:
[01m[K/home/sky/obstacle-avoidance/src/obstacle-avoidance/src/main.cpp:39:5:[m[K [01;31m[Kerror: [m[Kâ€˜[01m[Kobstacles[m[Kâ€™ was not declared in this scope; did you mean â€˜[01m[Kobstack[m[Kâ€™?
   39 |     [01;31m[Kobstacles[m[K.push_back(point);
      |     [01;31m[K^~~~~~~~~[m[K
      |     [32m[Kobstack[m[K
make[2]: *** [CMakeFiles/obstacle_avoidance_node.dir/build.make:63: CMakeFiles/obstacle_avoidance_node.dir/src/main.cpp.o] Error 1
make[1]: *** [CMakeFiles/Makefile2:400: CMakeFiles/obstacle_avoidance_node.dir/all] Error 2
make: *** [Makefile:141: all] Error 2
