[01m[K/home/sky/obstacle-avoidance/src/obstacle-avoidance/src/rrt.cpp:[m[K In function â€˜[01m[Kgeometry_msgs::Point Bias(geometry_msgs::Point, geometry_msgs::Point, int)[m[Kâ€™:
[01m[K/home/sky/obstacle-avoidance/src/obstacle-avoidance/src/rrt.cpp:101:5:[m[K [01;31m[Kerror: [m[Kâ€˜[01m[Kuration[m[Kâ€™ was not declared in this scope; did you mean â€˜[01m[Kunion[m[Kâ€™?
  101 |     [01;31m[Kuration[m[K(2).sleep();
      |     [01;31m[K^~~~~~~[m[K
      |     [32m[Kunion[m[K
make[2]: *** [CMakeFiles/rrt.dir/build.make:63: CMakeFiles/rrt.dir/src/rrt.cpp.o] Error 1
make[1]: *** [CMakeFiles/Makefile2:306: CMakeFiles/rrt.dir/all] Error 2
make: *** [Makefile:141: all] Error 2
