[01m[K/home/sky/obstacle-avoidance/src/obstacle-avoidance/src/rrt.cpp:243:[m[K [01;31m[Kerror: [m[Kunterminated argument list invoking macro "ROS_INFO"
  243 | }
      | 
[01m[K/home/sky/obstacle-avoidance/src/obstacle-avoidance/src/rrt.cpp:[m[K In function â€˜[01m[Kvoid rrt(geometry_msgs::Point, geometry_msgs::Point)[m[Kâ€™:
[01m[K/home/sky/obstacle-avoidance/src/obstacle-avoidance/src/rrt.cpp:166:9:[m[K [01;31m[Kerror: [m[Kâ€˜[01m[KROS_INFO[m[Kâ€™ was not declared in this scope
  166 |         [01;31m[KROS_INFO[m[K("Distance: %f", sqrt(pow(curr.x - start.x, 2) + pow(curr.y - start.y, 2));
      |         [01;31m[K^~~~~~~~[m[K
[01m[K/home/sky/obstacle-avoidance/src/obstacle-avoidance/src/rrt.cpp:166:9:[m[K [01;31m[Kerror: [m[Kexpected â€˜[01m[K}[m[Kâ€™ at end of input
[01m[K/home/sky/obstacle-avoidance/src/obstacle-avoidance/src/rrt.cpp:118:18:[m[K [01;36m[Knote: [m[Kto match this â€˜[01m[K{[m[Kâ€™
  118 |     while (true) [01;36m[K{[m[K
      |                  [01;36m[K^[m[K
[01m[K/home/sky/obstacle-avoidance/src/obstacle-avoidance/src/rrt.cpp:166:9:[m[K [01;31m[Kerror: [m[Kexpected â€˜[01m[K}[m[Kâ€™ at end of input
  166 |         [01;31m[KROS_INFO[m[K("Distance: %f", sqrt(pow(curr.x - start.x, 2) + pow(curr.y - start.y, 2));
      |         [01;31m[K^~~~~~~~[m[K
[01m[K/home/sky/obstacle-avoidance/src/obstacle-avoidance/src/rrt.cpp:110:65:[m[K [01;36m[Knote: [m[Kto match this â€˜[01m[K{[m[Kâ€™
  110 | void rrt(geometry_msgs::Point start, geometry_msgs::Point goal) [01;36m[K{[m[K
      |                                                                 [01;36m[K^[m[K
make[2]: *** [CMakeFiles/rrt.dir/build.make:63: CMakeFiles/rrt.dir/src/rrt.cpp.o] Error 1
make[1]: *** [CMakeFiles/Makefile2:306: CMakeFiles/rrt.dir/all] Error 2
make: *** [Makefile:141: all] Error 2
