[01m[K/home/sky/obstacle-avoidance/src/obstacle-avoidance/src/rrt.cpp:[m[K In function â€˜[01m[Kvoid rrt(geometry_msgs::Point, geometry_msgs::Point)[m[Kâ€™:
[01m[K/home/sky/obstacle-avoidance/src/obstacle-avoidance/src/rrt.cpp:118:26:[m[K [01;31m[Kerror: [m[Kâ€˜[01m[Knh[m[Kâ€™ was not declared in this scope
  118 |     Publisher pub_path = [01;31m[Knh[m[K.advertise<geometry_msgs::PoseStamped>("/setpoint_position/local", 10);
      |                          [01;31m[K^~[m[K
[01m[K/home/sky/obstacle-avoidance/src/obstacle-avoidance/src/rrt.cpp:118:65:[m[K [01;31m[Kerror: [m[Kexpected primary-expression before â€˜[01m[K>[m[Kâ€™ token
  118 |     Publisher pub_path = nh.advertise<geometry_msgs::PoseStamped[01;31m[K>[m[K("/setpoint_position/local", 10);
      |                                                                 [01;31m[K^[m[K
make[2]: *** [CMakeFiles/rrt.dir/build.make:63: CMakeFiles/rrt.dir/src/rrt.cpp.o] Error 1
make[1]: *** [CMakeFiles/Makefile2:299: CMakeFiles/rrt.dir/all] Error 2
make: *** [Makefile:141: all] Error 2
